G:\Очень важная требуха\5 семестр\ООП\LAB_2\LAB2_1\LAB2_1\DEBUG\LAB2_1.PCH
G:\Очень важная требуха\5 семестр\ООП\LAB_2\LAB2_1\LAB2_1\DEBUG\STDAFX.OBJ
G:\ОЧЕНЬ ВАЖНАЯ ТРЕБУХА\5 СЕМЕСТР\ООП\LAB_2\LAB2_1\LAB2_1\DEBUG\VC110.PDB
G:\Очень важная требуха\5 семестр\ООП\LAB_2\LAB2_1\LAB2_1\DEBUG\LAB2_1.OBJ
G:\Очень важная требуха\5 семестр\ООП\LAB_2\LAB2_1\LAB2_1\DEBUG\MATRIX.OBJ
G:\Очень важная требуха\5 семестр\ООП\LAB_2\LAB2_1\DEBUG\LAB2_1.ILK
G:\Очень важная требуха\5 семестр\ООП\LAB_2\LAB2_1\DEBUG\LAB2_1.EXE
G:\ОЧЕНЬ ВАЖНАЯ ТРЕБУХА\5 СЕМЕСТР\ООП\LAB_2\LAB2_1\DEBUG\LAB2_1.PDB
G:\Очень важная требуха\5 семестр\ООП\lab_2\lab2_1\lab2_1\Debug\lab2_1.obj
G:\Очень важная требуха\5 семестр\ООП\lab_2\lab2_1\lab2_1\Debug\Matrix.obj
G:\Очень важная требуха\5 семестр\ООП\lab_2\lab2_1\lab2_1\Debug\stdafx.obj
G:\Очень важная требуха\5 семестр\ООП\lab_2\lab2_1\lab2_1\Debug\cl.command.1.tlog
G:\Очень важная требуха\5 семестр\ООП\lab_2\lab2_1\lab2_1\Debug\CL.read.1.tlog
G:\Очень важная требуха\5 семестр\ООП\lab_2\lab2_1\lab2_1\Debug\CL.write.1.tlog
G:\Очень важная требуха\5 семестр\ООП\lab_2\lab2_1\lab2_1\Debug\link-cvtres.read.1.tlog
G:\Очень важная требуха\5 семестр\ООП\lab_2\lab2_1\lab2_1\Debug\link-cvtres.write.1.tlog
G:\Очень важная требуха\5 семестр\ООП\lab_2\lab2_1\lab2_1\Debug\link-rc.read.1.tlog
G:\Очень важная требуха\5 семестр\ООП\lab_2\lab2_1\lab2_1\Debug\link-rc.write.1.tlog
G:\Очень важная требуха\5 семестр\ООП\lab_2\lab2_1\lab2_1\Debug\link.4112-cvtres.read.1.tlog
G:\Очень важная требуха\5 семестр\ООП\lab_2\lab2_1\lab2_1\Debug\link.4112-cvtres.write.1.tlog
G:\Очень важная требуха\5 семестр\ООП\lab_2\lab2_1\lab2_1\Debug\link.4112-rc.read.1.tlog
G:\Очень важная требуха\5 семестр\ООП\lab_2\lab2_1\lab2_1\Debug\link.4112-rc.write.1.tlog
G:\Очень важная требуха\5 семестр\ООП\lab_2\lab2_1\lab2_1\Debug\link.4112.read.1.tlog
G:\Очень важная требуха\5 семестр\ООП\lab_2\lab2_1\lab2_1\Debug\link.4112.write.1.tlog
G:\Очень важная требуха\5 семестр\ООП\lab_2\lab2_1\lab2_1\Debug\link.5956-cvtres.read.1.tlog
G:\Очень важная требуха\5 семестр\ООП\lab_2\lab2_1\lab2_1\Debug\link.5956-cvtres.write.1.tlog
G:\Очень важная требуха\5 семестр\ООП\lab_2\lab2_1\lab2_1\Debug\link.5956-rc.read.1.tlog
G:\Очень важная требуха\5 семестр\ООП\lab_2\lab2_1\lab2_1\Debug\link.5956-rc.write.1.tlog
G:\Очень важная требуха\5 семестр\ООП\lab_2\lab2_1\lab2_1\Debug\link.5956.read.1.tlog
G:\Очень важная требуха\5 семестр\ООП\lab_2\lab2_1\lab2_1\Debug\link.5956.write.1.tlog
G:\Очень важная требуха\5 семестр\ООП\lab_2\lab2_1\lab2_1\Debug\link.command.1.tlog
G:\Очень важная требуха\5 семестр\ООП\lab_2\lab2_1\lab2_1\Debug\link.read.1.tlog
G:\Очень важная требуха\5 семестр\ООП\lab_2\lab2_1\lab2_1\Debug\link.write.1.tlog
G:\Очень важная требуха\5 семестр\ООП\lab_2\lab2_1\lab2_1\Debug\lab2_1.pch
G:\Очень важная требуха\5 семестр\ООП\lab_2\lab2_1\lab2_1\Debug\vc110.idb
G:\Очень важная требуха\5 семестр\ООП\lab_2\lab2_1\lab2_1\Debug\vc110.pdb
G:\Очень важная требуха\5 семестр\ООП\lab_2\lab2_1\Debug\lab2_1.pdb
G:\Очень важная требуха\5 семестр\ООП\lab_2\lab2_1\Debug\lab2_1.exe
G:\Очень важная требуха\5 семестр\ООП\lab_2\lab2_1\Debug\lab2_1.ilk
